2026-03-19 22:53:55,778 - INFO - === Web Setup Server is running on port 80 ===
2026-03-19 22:54:32,555 - CRITICAL - Failed to start server: [Errno 98] Address already in use
2026-03-19 22:55:40,946 - INFO - Serving setup page.
2026-03-19 22:55:40,948 - INFO - Client 192.168.1.135 - "GET / HTTP/1.1" 200 -
2026-03-19 22:55:47,973 - INFO - Received POST request for setup.
2026-03-19 22:55:47,976 - INFO - Client 192.168.1.135 - "POST /setup HTTP/1.1" 200 -
2026-03-19 22:55:47,978 - INFO - HTML response sent successfully. Starting background thread for SSID: ToToMan_2.4G
2026-03-19 22:55:47,981 - INFO - Waiting 3 seconds before applying network settings...
2026-03-19 22:55:50,985 - INFO - Sending configuration to TP-Link via SSH...
2026-03-19 22:56:04,028 - INFO - SSH configuration sent successfully.
2026-03-19 22:56:04,030 - INFO - Creating WiFi Setup Flag File...
2026-03-19 22:56:04,046 - INFO - Starting main_controller.py service...
2026-03-19 22:56:04,074 - INFO - Setup finished gracefully. Shutting down web server...
2026-03-19 23:09:28,508 - INFO - === Web Setup Server is running on port 80 ===
2026-03-19 23:11:01,762 - INFO - Serving setup page.
2026-03-19 23:11:01,764 - INFO - Client 192.168.1.135 - "GET / HTTP/1.1" 200 -
2026-03-19 23:11:09,016 - INFO - Received POST request for setup.
2026-03-19 23:11:09,018 - INFO - Client 192.168.1.135 - "POST /setup HTTP/1.1" 200 -
2026-03-19 23:11:09,021 - INFO - HTML response sent successfully. Starting background thread for SSID: ToToMan_2.4G
2026-03-19 23:11:09,023 - INFO - Waiting 3 seconds before applying network settings...
2026-03-19 23:11:12,027 - INFO - Sending configuration to TP-Link via SSH...
2026-03-19 23:11:23,572 - INFO - SSH configuration sent successfully.
2026-03-19 23:11:23,574 - INFO - Creating WiFi Setup Flag File...
2026-03-19 23:11:23,585 - INFO - Starting main_controller.py service...
2026-03-19 23:11:23,597 - INFO - Setup finished gracefully. Shutting down web server...
1970-01-01 07:00:19,757 - INFO - === Web Setup Server is running on port 80 ===
2026-03-19 23:37:48,825 - INFO - === Web Setup Server is running on port 80 ===
2026-03-19 23:38:11,526 - CRITICAL - Failed to start server: [Errno 98] Address already in use
2026-03-19 23:39:21,921 - CRITICAL - Failed to start server: [Errno 98] Address already in use
2026-03-19 23:40:04,621 - CRITICAL - Failed to start server: [Errno 98] Address already in use
2026-03-19 23:40:25,946 - CRITICAL - Failed to start server: [Errno 98] Address already in use
